Start testing: May 07 21:36 CEST
----------------------------------------------------------
1/1 Testing: check_calculate_stats
1/1 Test: check_calculate_stats
Command: "/home/jason/proj/c_examples/katas/calculate_stats/tests/check_calculate_stats"
Directory: /home/jason/proj/c_examples/katas/calculate_stats
"check_calculate_stats" start time: May 07 21:36 CEST
Output:
----------------------------------------------------------
Running suite(s): Calculate_stats
initial value of total = 0
method result = 1458.9
static result = 1458.9
initial value of total = 0
method result = 21.8333
static result = 1458.9
100%: Checks: 5, Failures: 0, Errors: 0
<end of output>
Test time =   0.00 sec
----------------------------------------------------------
Test Passed.
"check_calculate_stats" end time: May 07 21:36 CEST
"check_calculate_stats" time elapsed: 00:00:00
----------------------------------------------------------

End testing: May 07 21:36 CEST
